[INFO ] 2023-07-08 22:42:59.753 [main] ReportManager - 
------------------------------------------------------------------------------------------------------------------------------------------------
                                                      Powered by SHAFT Engine v7.2.20230621                                                      
------------------------------------------------------------------------------------------------------------------------------------------------

[INFO ] 2023-07-08 22:43:53.261 [main] ReportManager - Loaded OpenCV "opencv_java470".
[INFO ] 2023-07-08 22:43:53.262 [main] ReportManager - Initializing Allure Reporting Environment...
[INFO ] 2023-07-08 22:43:53.740 [main] ReportManager - Initializing Extent Reporting Environment...
[INFO ] 2023-07-08 22:43:54.894 [main] ReportManager - Initializing Summary Reporting Environment...
[INFO ] 2023-07-08 22:43:55.341 [main] Utils - [TestNG] Running:
  C:\Users\WIN 10\AppData\Local\JetBrains\IdeaIC2022.2\temp-testng-customsuite.xml

[INFO ] 2023-07-08 22:43:55.424 [main] ReportManager - 
------------------------------------------------------------------------------------------------------------------------------------------------
                                             Starting execution of suite setup configuration method                                             
                                          'com.shaft.listeners.internal.ConfigurationHelper.suiteSetup'                                          
------------------------------------------------------------------------------------------------------------------------------------------------

[INFO ] 2023-07-08 22:43:55.987 [main] ReportManager - Initializing Important Links...
[INFO ] 2023-07-08 22:43:55.997 [main] ReportManager - Initializing Properties...
[INFO ] 2023-07-08 22:43:56.385 [main] ReportManager - 
------------------------------------------------------------------------------------------------------------------------------------------------
                                             Starting execution of before class configuration method                                             
                                                     'TestCases.RegistrationTC.beforeClass'                                                     
------------------------------------------------------------------------------------------------------------------------------------------------

[INFO ] 2023-07-08 22:43:56.392 [main] ReportManager - Setting "autoCloseDriverInstance" property with "false".
[INFO ] 2023-07-08 22:43:56.499 [main] ReportManager - Setting "targetOperatingSystem" property with "windows".
[INFO ] 2023-07-08 22:43:56.541 [main] ReportManager - Capabilities {acceptInsecureCerts: true, browserName: chrome, goog:chromeOptions: {args: [--start-maximized, --remote-allow-origins=*, --enable-automation, --disable-background-timer-..., --disable-backgrounding-occ..., --disable-features=Calculat..., --disable-hang-monitor, --disable-domain-reliability, --disable-renderer-backgrou..., --disable-features=Autofill..., --metrics-recording-only, --no-first-run, --no-default-browser-check, --silent-debugger-extension..., --disable-extensions, --disable-component-extensi..., --disable-dev-shm-usage, --disable-features=MediaRouter, --disable-features=Translate, --disable-ipc-flooding-prot..., --disable-background-networ..., --mute-audio, --disable-breakpad, --ignore-certificate-errors, --disable-device-discovery-..., --force-color-profile=srgb, --hide-scrollbars, --host-resolver-rules, --no-pings, --disable-features=AvoidUnn..., --disable-features=Certific..., --disable-sync, --disable-features=Optimiza..., --disable-features=DialMedi..., --disable-features=GlobalMe..., --disable-features=Improved..., --disable-features=LazyFram..., --disable-field-trial-config, --enable-features=NetworkSe..., --enable-features=NetworkSe..., --enable-use-zoom-for-dsf, --log-net-log, --net-log-capture-mode, --disable-client-side-phish..., --disable-default-apps, --disable-features=Interest...], detach: true, extensions: [], prefs: {download.default_directory: C:\Users\WIN 10\IdeaProject..., download.prompt_for_download: false, profile.default_content_settings.popups: 0}}, pageLoadStrategy: none, timeouts: {pageLoad: 60000, script: 30000}, unhandledPromptBehavior: accept and notify}
[INFO ] 2023-07-08 22:43:56.544 [main] ReportManager - Attempting to run locally on: "windows | Chrome".
[INFO ] 2023-07-08 22:43:56.546 [main] ReportManager - Identifying OS/Driver combination and selecting the correct driver version automatically. Please note that if a new driver executable will be downloaded it may take some time...
[DEBUG] 2023-07-08 22:43:57.999 [main] ResolutionCache - Resolution chrome=114 in cache (valid until 23:26:12 08/07/2023 EET)
[DEBUG] 2023-07-08 22:43:58.000 [main] ResolutionCache - Resolution chrome114=114.0.5735.90 in cache (valid until 23:04:22 08/07/2023 EET)
[INFO ] 2023-07-08 22:43:58.002 [main] WebDriverManager - Using chromedriver 114.0.5735.90 (resolved driver for Chrome 114)
[DEBUG] 2023-07-08 22:43:58.038 [main] WebDriverManager - Driver chromedriver 114.0.5735.90 found in cache
[INFO ] 2023-07-08 22:43:58.041 [main] WebDriverManager - Exporting webdriver.chrome.driver as C:\Users\WIN 10\.cache\selenium\chromedriver\win32\114.0.5735.90\chromedriver.exe
[WARN ] 2023-07-08 22:43:58.229 [main] ReportManager - Jul 08, 2023 10:43:58 PM org.openqa.selenium.remote.service.DriverService$Builder getLogOutput
[WARN ] 2023-07-08 22:43:58.230 [main] ReportManager - INFO: Driver logs no longer sent to console by default; https://www.selenium.dev/documentation/webdriver/drivers/service/#setting-log-output
[INFO ] 2023-07-08 22:44:27.224 [main] ReportManager - Successfully Opened: "windows | Chrome".
[INFO ] 2023-07-08 22:44:27.700 [main] ReportManager - Target URL: "https://demo.nopcommerce.com/", and after redirection: "nopcommerce"
[INFO ] 2023-07-08 22:44:27.756 [main] ReportManager - Initial URL: "data:,"
[INFO ] 2023-07-08 22:44:38.519 [main] ReportManager - Navigate to url "https://demo.nopcommerce.com/".
[INFO ] 2023-07-08 22:44:38.628 [main] ReportManager - 
------------------------------------------------------------------------------------------------------------------------------------------------
                                        Starting Execution: '1 out of 1' test cases in the current suite                                        
                                                  Test Method: 'TestCases.RegistrationTC.TC01'                                                  
------------------------------------------------------------------------------------------------------------------------------------------------

[INFO ] 2023-07-08 22:44:39.223 [main] ReportManager - Moved the mouse to the middle of the element.
[INFO ] 2023-07-08 22:44:39.447 [main] ReportManager - Click "Register".
[INFO ] 2023-07-08 22:44:48.277 [main] ReportManager - Verification "ValidateElementExists" PASSED. Expected "Element Should Exist, locator 'By.tagName: h1'" and Actual "Element Exists". Comparison Type "EQUALS". Validation Type "POSITIVE".
[INFO ] 2023-07-08 22:44:48.372 [main] ReportManager - Successfully created attachment 'Screenshot - 1688849083807_TC01_ValidateElementExists_passed'
[INFO ] 2023-07-08 22:44:48.384 [main] ReportManager - Successfully created attachment 'SHAFT Engine Logs - Current Method log: TC01'
[INFO ] 2023-07-08 22:44:48.817 [main] ReportManager - 
------------------------------------------------------------------------------------------------------------------------------------------------
                                             Starting execution of after class configuration method                                             
                                                      'TestCases.RegistrationTC.afterClass'                                                      
------------------------------------------------------------------------------------------------------------------------------------------------

[INFO ] 2023-07-08 22:44:48.974 [main] ReportManager - 
------------------------------------------------------------------------------------------------------------------------------------------------
                                           Starting execution of engine teardown configuration method                                           
                                        'com.shaft.listeners.internal.ConfigurationHelper.engineTeardown'                                        
------------------------------------------------------------------------------------------------------------------------------------------------

[INFO ] 2023-07-08 22:44:48.976 [main] ReportManager - Successfully created attachment 'SHAFT Engine Logs - Execution log'
[INFO ] 2023-07-08 22:44:48.977 [main] ReportManager - File Action "DoesFileExist" successfully performed. With the following test data "File Path: "target/logs/log4j.log"".
[INFO ] 2023-07-08 22:44:48.978 [main] ReportManager - File Action "GetAbsolutePath" successfully performed. With the following test data "Relative Folder Path: "target/logs/log4j.log"".
[INFO ] 2023-07-08 22:44:48.980 [main] ReportManager - File Action "ReadFileAsByteArray" successfully performed. With the following test data "File Path: "C:\Users\WIN 10\IdeaProjects\WebTestingPractice_ShaftEngine\target\logs\log4j.log"".
[INFO ] 2023-07-08 22:44:48.981 [main] ReportManager - File Action "DeleteFile" successfully performed. With the following test data "Target File Path: "target/logs/log4j.log", file was not deleted.".
[INFO ] 2023-07-08 22:44:48.984 [main] ReportManager - Successfully created attachment 'SHAFT Engine Logs - Execution log: 20230708-224448'
[DEBUG] 2023-07-08 22:44:49.064 [main] cache - Couldn't find template in cache for "spark/spark.spa.ftl"("en_US", UTF-8, parsed); will try to load it.
[DEBUG] 2023-07-08 22:44:49.065 [main] cache - TemplateLoader.findTemplateSource("spark/spark.spa_en_US.ftl"): Not found
[DEBUG] 2023-07-08 22:44:49.068 [main] cache - TemplateLoader.findTemplateSource("spark/spark.spa_en.ftl"): Not found
[DEBUG] 2023-07-08 22:44:49.070 [main] cache - TemplateLoader.findTemplateSource("spark/spark.spa.ftl"): Found
[DEBUG] 2023-07-08 22:44:49.070 [main] cache - Loading template for "spark/spark.spa.ftl"("en_US", UTF-8, parsed) from "jar:file:/C:/Users/WIN%2010/.m2/repository/com/aventstack/extentreports/5.0.9/extentreports-5.0.9.jar!/com/aventstack/extentreports/templates/spark/spark.spa.ftl"
[DEBUG] 2023-07-08 22:44:49.565 [main] cache - Couldn't find template in cache for "commons/commons-variables.ftl"("en_US", UTF-8, parsed); will try to load it.
[DEBUG] 2023-07-08 22:44:49.565 [main] cache - TemplateLoader.findTemplateSource("commons/commons-variables_en_US.ftl"): Not found
[DEBUG] 2023-07-08 22:44:49.566 [main] cache - TemplateLoader.findTemplateSource("commons/commons-variables_en.ftl"): Not found
[DEBUG] 2023-07-08 22:44:49.566 [main] cache - TemplateLoader.findTemplateSource("commons/commons-variables.ftl"): Found
[DEBUG] 2023-07-08 22:44:49.566 [main] cache - Loading template for "commons/commons-variables.ftl"("en_US", UTF-8, parsed) from "jar:file:/C:/Users/WIN%2010/.m2/repository/com/aventstack/extentreports/5.0.9/extentreports-5.0.9.jar!/com/aventstack/extentreports/templates/commons/commons-variables.ftl"
[DEBUG] 2023-07-08 22:44:49.910 [main] cache - Couldn't find template in cache for "commons/commons-macros.ftl"("en_US", UTF-8, parsed); will try to load it.
[DEBUG] 2023-07-08 22:44:49.911 [main] cache - TemplateLoader.findTemplateSource("commons/commons-macros_en_US.ftl"): Not found
[DEBUG] 2023-07-08 22:44:49.911 [main] cache - TemplateLoader.findTemplateSource("commons/commons-macros_en.ftl"): Not found
[DEBUG] 2023-07-08 22:44:49.912 [main] cache - TemplateLoader.findTemplateSource("commons/commons-macros.ftl"): Found
[DEBUG] 2023-07-08 22:44:49.912 [main] cache - Loading template for "commons/commons-macros.ftl"("en_US", UTF-8, parsed) from "jar:file:/C:/Users/WIN%2010/.m2/repository/com/aventstack/extentreports/5.0.9/extentreports-5.0.9.jar!/com/aventstack/extentreports/templates/commons/commons-macros.ftl"
[DEBUG] 2023-07-08 22:44:49.919 [main] cache - Couldn't find template in cache for "spark/macros/attributes.ftl"("en_US", UTF-8, parsed); will try to load it.
[DEBUG] 2023-07-08 22:44:49.919 [main] cache - TemplateLoader.findTemplateSource("spark/macros/attributes_en_US.ftl"): Not found
[DEBUG] 2023-07-08 22:44:49.920 [main] cache - TemplateLoader.findTemplateSource("spark/macros/attributes_en.ftl"): Not found
[DEBUG] 2023-07-08 22:44:49.921 [main] cache - TemplateLoader.findTemplateSource("spark/macros/attributes.ftl"): Found
[DEBUG] 2023-07-08 22:44:49.921 [main] cache - Loading template for "spark/macros/attributes.ftl"("en_US", UTF-8, parsed) from "jar:file:/C:/Users/WIN%2010/.m2/repository/com/aventstack/extentreports/5.0.9/extentreports-5.0.9.jar!/com/aventstack/extentreports/templates/spark/macros/attributes.ftl"
[DEBUG] 2023-07-08 22:44:49.922 [main] cache - Couldn't find template in cache for "spark/macros/log.ftl"("en_US", UTF-8, parsed); will try to load it.
[DEBUG] 2023-07-08 22:44:49.923 [main] cache - TemplateLoader.findTemplateSource("spark/macros/log_en_US.ftl"): Not found
[DEBUG] 2023-07-08 22:44:49.924 [main] cache - TemplateLoader.findTemplateSource("spark/macros/log_en.ftl"): Not found
[DEBUG] 2023-07-08 22:44:49.925 [main] cache - TemplateLoader.findTemplateSource("spark/macros/log.ftl"): Found
[DEBUG] 2023-07-08 22:44:49.925 [main] cache - Loading template for "spark/macros/log.ftl"("en_US", UTF-8, parsed) from "jar:file:/C:/Users/WIN%2010/.m2/repository/com/aventstack/extentreports/5.0.9/extentreports-5.0.9.jar!/com/aventstack/extentreports/templates/spark/macros/log.ftl"
[DEBUG] 2023-07-08 22:44:49.928 [main] cache - Couldn't find template in cache for "spark/macros/recurse_nodes.ftl"("en_US", UTF-8, parsed); will try to load it.
[DEBUG] 2023-07-08 22:44:49.929 [main] cache - TemplateLoader.findTemplateSource("spark/macros/recurse_nodes_en_US.ftl"): Not found
[DEBUG] 2023-07-08 22:44:49.929 [main] cache - TemplateLoader.findTemplateSource("spark/macros/recurse_nodes_en.ftl"): Not found
[DEBUG] 2023-07-08 22:44:49.930 [main] cache - TemplateLoader.findTemplateSource("spark/macros/recurse_nodes.ftl"): Found
[DEBUG] 2023-07-08 22:44:49.930 [main] cache - Loading template for "spark/macros/recurse_nodes.ftl"("en_US", UTF-8, parsed) from "jar:file:/C:/Users/WIN%2010/.m2/repository/com/aventstack/extentreports/5.0.9/extentreports-5.0.9.jar!/com/aventstack/extentreports/templates/spark/macros/recurse_nodes.ftl"
[DEBUG] 2023-07-08 22:44:49.935 [main] cache - "spark/macros/log.ftl"("en_US", UTF-8, parsed) cached copy not yet stale; using cached.
[DEBUG] 2023-07-08 22:44:49.935 [main] cache - Couldn't find template in cache for "spark/macros/attr-common.ftl"("en_US", UTF-8, parsed); will try to load it.
[DEBUG] 2023-07-08 22:44:49.936 [main] cache - TemplateLoader.findTemplateSource("spark/macros/attr-common_en_US.ftl"): Not found
[DEBUG] 2023-07-08 22:44:49.937 [main] cache - TemplateLoader.findTemplateSource("spark/macros/attr-common_en.ftl"): Not found
[DEBUG] 2023-07-08 22:44:49.937 [main] cache - TemplateLoader.findTemplateSource("spark/macros/attr-common.ftl"): Found
[DEBUG] 2023-07-08 22:44:49.938 [main] cache - Loading template for "spark/macros/attr-common.ftl"("en_US", UTF-8, parsed) from "jar:file:/C:/Users/WIN%2010/.m2/repository/com/aventstack/extentreports/5.0.9/extentreports-5.0.9.jar!/com/aventstack/extentreports/templates/spark/macros/attr-common.ftl"
[DEBUG] 2023-07-08 22:44:49.951 [main] cache - Couldn't find template in cache for "spark/partials/head.ftl"("en_US", UTF-8, parsed); will try to load it.
[DEBUG] 2023-07-08 22:44:49.952 [main] cache - TemplateLoader.findTemplateSource("spark/partials/head_en_US.ftl"): Not found
[DEBUG] 2023-07-08 22:44:49.953 [main] cache - TemplateLoader.findTemplateSource("spark/partials/head_en.ftl"): Not found
[DEBUG] 2023-07-08 22:44:49.953 [main] cache - TemplateLoader.findTemplateSource("spark/partials/head.ftl"): Found
[DEBUG] 2023-07-08 22:44:49.953 [main] cache - Loading template for "spark/partials/head.ftl"("en_US", UTF-8, parsed) from "jar:file:/C:/Users/WIN%2010/.m2/repository/com/aventstack/extentreports/5.0.9/extentreports-5.0.9.jar!/com/aventstack/extentreports/templates/spark/partials/head.ftl"
[DEBUG] 2023-07-08 22:44:49.969 [main] cache - Couldn't find template in cache for "commons/commons-inject-css.ftl"("en_US", UTF-8, parsed); will try to load it.
[DEBUG] 2023-07-08 22:44:49.969 [main] cache - TemplateLoader.findTemplateSource("commons/commons-inject-css_en_US.ftl"): Not found
[DEBUG] 2023-07-08 22:44:49.969 [main] cache - TemplateLoader.findTemplateSource("commons/commons-inject-css_en.ftl"): Not found
[DEBUG] 2023-07-08 22:44:49.970 [main] cache - TemplateLoader.findTemplateSource("commons/commons-inject-css.ftl"): Found
[DEBUG] 2023-07-08 22:44:49.970 [main] cache - Loading template for "commons/commons-inject-css.ftl"("en_US", UTF-8, parsed) from "jar:file:/C:/Users/WIN%2010/.m2/repository/com/aventstack/extentreports/5.0.9/extentreports-5.0.9.jar!/com/aventstack/extentreports/templates/commons/commons-inject-css.ftl"
[DEBUG] 2023-07-08 22:44:49.971 [main] cache - Couldn't find template in cache for "spark/partials/navbar.ftl"("en_US", UTF-8, parsed); will try to load it.
[DEBUG] 2023-07-08 22:44:49.971 [main] cache - TemplateLoader.findTemplateSource("spark/partials/navbar_en_US.ftl"): Not found
[DEBUG] 2023-07-08 22:44:49.972 [main] cache - TemplateLoader.findTemplateSource("spark/partials/navbar_en.ftl"): Not found
[DEBUG] 2023-07-08 22:44:49.972 [main] cache - TemplateLoader.findTemplateSource("spark/partials/navbar.ftl"): Found
[DEBUG] 2023-07-08 22:44:49.972 [main] cache - Loading template for "spark/partials/navbar.ftl"("en_US", UTF-8, parsed) from "jar:file:/C:/Users/WIN%2010/.m2/repository/com/aventstack/extentreports/5.0.9/extentreports-5.0.9.jar!/com/aventstack/extentreports/templates/spark/partials/navbar.ftl"
[DEBUG] 2023-07-08 22:44:50.008 [main] cache - Couldn't find template in cache for "spark/partials/sidenav.ftl"("en_US", UTF-8, parsed); will try to load it.
[DEBUG] 2023-07-08 22:44:50.008 [main] cache - TemplateLoader.findTemplateSource("spark/partials/sidenav_en_US.ftl"): Not found
[DEBUG] 2023-07-08 22:44:50.009 [main] cache - TemplateLoader.findTemplateSource("spark/partials/sidenav_en.ftl"): Not found
[DEBUG] 2023-07-08 22:44:50.009 [main] cache - TemplateLoader.findTemplateSource("spark/partials/sidenav.ftl"): Found
[DEBUG] 2023-07-08 22:44:50.010 [main] cache - Loading template for "spark/partials/sidenav.ftl"("en_US", UTF-8, parsed) from "jar:file:/C:/Users/WIN%2010/.m2/repository/com/aventstack/extentreports/5.0.9/extentreports-5.0.9.jar!/com/aventstack/extentreports/templates/spark/partials/sidenav.ftl"
[DEBUG] 2023-07-08 22:44:50.022 [main] cache - Couldn't find template in cache for "spark/partials/dashboard.ftl"("en_US", UTF-8, parsed); will try to load it.
[DEBUG] 2023-07-08 22:44:50.023 [main] cache - TemplateLoader.findTemplateSource("spark/partials/dashboard_en_US.ftl"): Not found
[DEBUG] 2023-07-08 22:44:50.023 [main] cache - TemplateLoader.findTemplateSource("spark/partials/dashboard_en.ftl"): Not found
[DEBUG] 2023-07-08 22:44:50.023 [main] cache - TemplateLoader.findTemplateSource("spark/partials/dashboard.ftl"): Found
[DEBUG] 2023-07-08 22:44:50.023 [main] cache - Loading template for "spark/partials/dashboard.ftl"("en_US", UTF-8, parsed) from "jar:file:/C:/Users/WIN%2010/.m2/repository/com/aventstack/extentreports/5.0.9/extentreports-5.0.9.jar!/com/aventstack/extentreports/templates/spark/partials/dashboard.ftl"
[DEBUG] 2023-07-08 22:44:50.165 [main] cache - Couldn't find template in cache for "spark/partials/test.ftl"("en_US", UTF-8, parsed); will try to load it.
[DEBUG] 2023-07-08 22:44:50.166 [main] cache - TemplateLoader.findTemplateSource("spark/partials/test_en_US.ftl"): Not found
[DEBUG] 2023-07-08 22:44:50.166 [main] cache - TemplateLoader.findTemplateSource("spark/partials/test_en.ftl"): Not found
[DEBUG] 2023-07-08 22:44:50.167 [main] cache - TemplateLoader.findTemplateSource("spark/partials/test.ftl"): Found
[DEBUG] 2023-07-08 22:44:50.167 [main] cache - Loading template for "spark/partials/test.ftl"("en_US", UTF-8, parsed) from "jar:file:/C:/Users/WIN%2010/.m2/repository/com/aventstack/extentreports/5.0.9/extentreports-5.0.9.jar!/com/aventstack/extentreports/templates/spark/partials/test.ftl"
[DEBUG] 2023-07-08 22:44:50.199 [main] cache - Couldn't find template in cache for "spark/partials/standard-content.ftl"("en_US", UTF-8, parsed); will try to load it.
[DEBUG] 2023-07-08 22:44:50.200 [main] cache - TemplateLoader.findTemplateSource("spark/partials/standard-content_en_US.ftl"): Not found
[DEBUG] 2023-07-08 22:44:50.201 [main] cache - TemplateLoader.findTemplateSource("spark/partials/standard-content_en.ftl"): Not found
[DEBUG] 2023-07-08 22:44:50.202 [main] cache - TemplateLoader.findTemplateSource("spark/partials/standard-content.ftl"): Found
[DEBUG] 2023-07-08 22:44:50.202 [main] cache - Loading template for "spark/partials/standard-content.ftl"("en_US", UTF-8, parsed) from "jar:file:/C:/Users/WIN%2010/.m2/repository/com/aventstack/extentreports/5.0.9/extentreports-5.0.9.jar!/com/aventstack/extentreports/templates/spark/partials/standard-content.ftl"
[DEBUG] 2023-07-08 22:44:50.219 [main] cache - Couldn't find template in cache for "spark/partials/exception.ftl"("en_US", UTF-8, parsed); will try to load it.
[DEBUG] 2023-07-08 22:44:50.219 [main] cache - TemplateLoader.findTemplateSource("spark/partials/exception_en_US.ftl"): Not found
[DEBUG] 2023-07-08 22:44:50.220 [main] cache - TemplateLoader.findTemplateSource("spark/partials/exception_en.ftl"): Not found
[DEBUG] 2023-07-08 22:44:50.221 [main] cache - TemplateLoader.findTemplateSource("spark/partials/exception.ftl"): Found
[DEBUG] 2023-07-08 22:44:50.221 [main] cache - Loading template for "spark/partials/exception.ftl"("en_US", UTF-8, parsed) from "jar:file:/C:/Users/WIN%2010/.m2/repository/com/aventstack/extentreports/5.0.9/extentreports-5.0.9.jar!/com/aventstack/extentreports/templates/spark/partials/exception.ftl"
[DEBUG] 2023-07-08 22:44:50.223 [main] cache - Couldn't find template in cache for "spark/partials/log.ftl"("en_US", UTF-8, parsed); will try to load it.
[DEBUG] 2023-07-08 22:44:50.225 [main] cache - TemplateLoader.findTemplateSource("spark/partials/log_en_US.ftl"): Not found
[DEBUG] 2023-07-08 22:44:50.225 [main] cache - TemplateLoader.findTemplateSource("spark/partials/log_en.ftl"): Not found
[DEBUG] 2023-07-08 22:44:50.226 [main] cache - TemplateLoader.findTemplateSource("spark/partials/log.ftl"): Found
[DEBUG] 2023-07-08 22:44:50.226 [main] cache - Loading template for "spark/partials/log.ftl"("en_US", UTF-8, parsed) from "jar:file:/C:/Users/WIN%2010/.m2/repository/com/aventstack/extentreports/5.0.9/extentreports-5.0.9.jar!/com/aventstack/extentreports/templates/spark/partials/log.ftl"
[DEBUG] 2023-07-08 22:44:50.227 [main] cache - Couldn't find template in cache for "spark/partials/scripts.ftl"("en_US", UTF-8, parsed); will try to load it.
[DEBUG] 2023-07-08 22:44:50.228 [main] cache - TemplateLoader.findTemplateSource("spark/partials/scripts_en_US.ftl"): Not found
[DEBUG] 2023-07-08 22:44:50.228 [main] cache - TemplateLoader.findTemplateSource("spark/partials/scripts_en.ftl"): Not found
[DEBUG] 2023-07-08 22:44:50.229 [main] cache - TemplateLoader.findTemplateSource("spark/partials/scripts.ftl"): Found
[DEBUG] 2023-07-08 22:44:50.229 [main] cache - Loading template for "spark/partials/scripts.ftl"("en_US", UTF-8, parsed) from "jar:file:/C:/Users/WIN%2010/.m2/repository/com/aventstack/extentreports/5.0.9/extentreports-5.0.9.jar!/com/aventstack/extentreports/templates/spark/partials/scripts.ftl"
[DEBUG] 2023-07-08 22:44:50.231 [main] cache - Couldn't find template in cache for "commons/commons-inject-js.ftl"("en_US", UTF-8, parsed); will try to load it.
[DEBUG] 2023-07-08 22:44:50.232 [main] cache - TemplateLoader.findTemplateSource("commons/commons-inject-js_en_US.ftl"): Not found
[DEBUG] 2023-07-08 22:44:50.232 [main] cache - TemplateLoader.findTemplateSource("commons/commons-inject-js_en.ftl"): Not found
[DEBUG] 2023-07-08 22:44:50.232 [main] cache - TemplateLoader.findTemplateSource("commons/commons-inject-js.ftl"): Found
[DEBUG] 2023-07-08 22:44:50.236 [main] cache - Loading template for "commons/commons-inject-js.ftl"("en_US", UTF-8, parsed) from "jar:file:/C:/Users/WIN%2010/.m2/repository/com/aventstack/extentreports/5.0.9/extentreports-5.0.9.jar!/com/aventstack/extentreports/templates/commons/commons-inject-js.ftl"
[INFO ] 2023-07-08 22:44:50.311 [main] ReportManager - File Action "DoesFileExist" successfully performed. With the following test data "File Path: "allure-results/cucumberReport.html"".
[INFO ] 2023-07-08 22:44:50.343 [main] ReportManager - Successfully created attachment 'HTML - Checkpoints Report'
[INFO ] 2023-07-08 22:44:50.352 [main] ReportManager - ===============================================
[INFO ] 2023-07-08 22:44:50.352 [main] ReportManager - Suite
[INFO ] 2023-07-08 22:44:50.352 [main] ReportManager - Total tests run: 1, Passes: 1, Failures: 0, Skips: 0
[INFO ] 2023-07-08 22:44:50.352 [main] ReportManager - ===============================================
[INFO ] 2023-07-08 22:44:50.362 [main] ReportManager - File Action "GetAbsolutePath" successfully performed. With the following test data "Relative File Path: "execution-summary/ExecutionSummaryReport_08-07-2023_22-44-50-0356-PM.html"".
[INFO ] 2023-07-08 22:44:50.384 [main] ReportManager - File Action "WriteToFile" successfully performed. With the following test data "Target File Path: "C:\Users\WIN 10\IdeaProjects\WebTestingPractice_ShaftEngine\execution-summary\ExecutionSummaryReport_08-07-2023_22-44-50-0356-PM.html"".
[INFO ] 2023-07-08 22:44:50.421 [main] ReportManager - Executing: ".\execution-summary/ExecutionSummaryReport_*.html" locally.
[INFO ] 2023-07-08 22:45:32.529 [main] ReportManager - Terminal Action "PerformTerminalCommands" successfully performed. With the following test data "Host Name: "localHost" | Command: ".\execution-summary/ExecutionSummaryReport_*.html" | Exit Status: "0"".
[INFO ] 2023-07-08 22:45:32.530 [main] ReportManager - 
------------------------------------------------------------------------------------------------------------------------------------------------
                                                         Test Execution Summary Results                                                         
                                              Total Cases: 1 --> Passed: 1 | Failed: 0 | Skipped: 0                                              
------------------------------------------------------------------------------------------------------------------------------------------------

[INFO ] 2023-07-08 22:45:32.531 [main] ReportManager - 
------------------------------------------------------------------------------------------------------------------------------------------------
                                             This test run was powered by SHAFT Engine v7.2.20230621                                             
                                  SHAFT Engine is *and will always be* 100% FREE for commercial and private use                                  
                                                       in compliance with the MIT license                                                       
                                           https://github.com/ShaftHQ/SHAFT_ENGINE/blob/master/LICENSE                                           
------------------------------------------------------------------------------------------------------------------------------------------------

[DEBUG] 2023-07-08 22:45:32.543 [wdm-shutdown-hook] WebDriverManager - Quitting ChromeDriver: chrome on windows (9204298d1fc22d1c820b301953e39fb7)
[WARN ] 2023-07-08 22:45:55.147 [wdm-shutdown-hook] WebDriverManager - Exception closing ChromeDriver: chrome on windows (null) (Timed out waiting for driver server to stop.
Build info: version: '4.10.0', revision: 'c14d967899'
System info: os.name: 'Windows 10', os.arch: 'amd64', os.version: '10.0', java.version: '19.0.2'
Driver info: org.openqa.selenium.chrome.ChromeDriver
Command: [9204298d1fc22d1c820b301953e39fb7, quit {}]
Capabilities {acceptInsecureCerts: true, browserName: chrome, browserVersion: 114.0.5735.134, chrome: {chromedriverVersion: 114.0.5735.90 (386bc09e8f4f..., userDataDir: C:\Users\WIN10~1\AppData\Lo...}, goog:chromeOptions: {debuggerAddress: localhost:63275}, networkConnectionEnabled: false, pageLoadStrategy: none, platformName: windows, proxy: Proxy(), se:cdp: ws://localhost:63275/devtoo..., se:cdpVersion: 114.0.5735.134, setWindowRect: true, strictFileInteractability: false, timeouts: {implicit: 0, pageLoad: 60000, script: 30000}, unhandledPromptBehavior: accept and notify, webauthn:extension:credBlob: true, webauthn:extension:largeBlob: true, webauthn:extension:minPinLength: true, webauthn:extension:prf: true, webauthn:virtualAuthenticators: true}
Session ID: 9204298d1fc22d1c820b301953e39fb7)
org.openqa.selenium.WebDriverException: Timed out waiting for driver server to stop.
Build info: version: '4.10.0', revision: 'c14d967899'
System info: os.name: 'Windows 10', os.arch: 'amd64', os.version: '10.0', java.version: '19.0.2'
Driver info: org.openqa.selenium.chrome.ChromeDriver
Command: [9204298d1fc22d1c820b301953e39fb7, quit {}]
Capabilities {acceptInsecureCerts: true, browserName: chrome, browserVersion: 114.0.5735.134, chrome: {chromedriverVersion: 114.0.5735.90 (386bc09e8f4f..., userDataDir: C:\Users\WIN10~1\AppData\Lo...}, goog:chromeOptions: {debuggerAddress: localhost:63275}, networkConnectionEnabled: false, pageLoadStrategy: none, platformName: windows, proxy: Proxy(), se:cdp: ws://localhost:63275/devtoo..., se:cdpVersion: 114.0.5735.134, setWindowRect: true, strictFileInteractability: false, timeouts: {implicit: 0, pageLoad: 60000, script: 30000}, unhandledPromptBehavior: accept and notify, webauthn:extension:credBlob: true, webauthn:extension:largeBlob: true, webauthn:extension:minPinLength: true, webauthn:extension:prf: true, webauthn:virtualAuthenticators: true}
Session ID: 9204298d1fc22d1c820b301953e39fb7
	at org.openqa.selenium.remote.service.DriverCommandExecutor.execute(DriverCommandExecutor.java:161) ~[selenium-remote-driver-4.10.0.jar:?]
	at org.openqa.selenium.remote.RemoteWebDriver.execute(RemoteWebDriver.java:531) ~[selenium-remote-driver-4.10.0.jar:?]
	at org.openqa.selenium.remote.RemoteWebDriver.execute(RemoteWebDriver.java:590) ~[selenium-remote-driver-4.10.0.jar:?]
	at org.openqa.selenium.remote.RemoteWebDriver.execute(RemoteWebDriver.java:594) ~[selenium-remote-driver-4.10.0.jar:?]
	at org.openqa.selenium.remote.RemoteWebDriver.quit(RemoteWebDriver.java:446) ~[selenium-remote-driver-4.10.0.jar:?]
	at org.openqa.selenium.chromium.ChromiumDriver.quit(ChromiumDriver.java:341) ~[selenium-chromium-driver-4.10.0.jar:?]
	at io.github.bonigarcia.wdm.WebDriverManager.quit(WebDriverManager.java:966) ~[webdrivermanager-5.3.3.jar:?]
	at java.util.Spliterators$ArraySpliterator.forEachRemaining(Spliterators.java:1006) [?:?]
	at java.util.stream.ReferencePipeline$Head.forEach(ReferencePipeline.java:762) [?:?]
	at io.github.bonigarcia.wdm.WebDriverManager.quit(WebDriverManager.java:919) [webdrivermanager-5.3.3.jar:?]
	at io.github.bonigarcia.wdm.WebDriverManager$1.run(WebDriverManager.java:1843) [webdrivermanager-5.3.3.jar:?]
Caused by: java.util.concurrent.ExecutionException: org.openqa.selenium.TimeoutException: Process timed out after waiting for 20000 ms.
Build info: version: '4.10.0', revision: 'c14d967899'
System info: os.name: 'Windows 10', os.arch: 'amd64', os.version: '10.0', java.version: '19.0.2'
Driver info: driver.version: unknown
	at java.util.concurrent.CompletableFuture.reportGet(CompletableFuture.java:396) ~[?:?]
	at java.util.concurrent.CompletableFuture.get(CompletableFuture.java:2096) ~[?:?]
	at org.openqa.selenium.remote.service.DriverCommandExecutor.execute(DriverCommandExecutor.java:157) ~[selenium-remote-driver-4.10.0.jar:?]
	... 10 more
Caused by: org.openqa.selenium.TimeoutException: Process timed out after waiting for 20000 ms.
Build info: version: '4.10.0', revision: 'c14d967899'
System info: os.name: 'Windows 10', os.arch: 'amd64', os.version: '10.0', java.version: '19.0.2'
Driver info: driver.version: unknown
	at org.openqa.selenium.os.OsProcess.waitFor(OsProcess.java:183) ~[selenium-remote-driver-4.10.0.jar:?]
	at org.openqa.selenium.os.CommandLine.waitFor(CommandLine.java:117) ~[selenium-remote-driver-4.10.0.jar:?]
	at org.openqa.selenium.remote.service.DriverCommandExecutor.lambda$execute$2(DriverCommandExecutor.java:148) ~[selenium-remote-driver-4.10.0.jar:?]
	at java.util.concurrent.CompletableFuture$AsyncSupply.run(CompletableFuture.java:1768) ~[?:?]
	at java.util.concurrent.ThreadPoolExecutor.runWorker(ThreadPoolExecutor.java:1144) ~[?:?]
	at java.util.concurrent.ThreadPoolExecutor$Worker.run(ThreadPoolExecutor.java:642) ~[?:?]
	at java.lang.Thread.run(Thread.java:1589) ~[?:?]
