{"uuid":"0a5c274c-08a2-4543-aedd-c81282e7c96b","historyId":"2df3aada39611292183cba814802fefa","fullName":"TestCases.LogInTC.logInTC01","labels":[{"name":"package","value":"TestCases.LogInTC"},{"name":"testClass","value":"TestCases.LogInTC"},{"name":"testMethod","value":"logInTC01"},{"name":"parentSuite","value":"Suite"},{"name":"suite","value":"WebTestingPractice_ShaftEngine"},{"name":"subSuite","value":"TestCases.LogInTC"},{"name":"host","value":"AEP-NB-113687"},{"name":"thread","value":"29948@AEP-NB-113687.main(1)"},{"name":"framework","value":"testng"},{"name":"language","value":"java"}],"links":[],"name":"logInTC01","status":"failed","statusDetails":{"known":false,"muted":false,"flaky":false,"message":"Verification \"ValidateElementExists\" FAILED. Expected \"Element Should not Exist, locator 'By.xpath: //div[@class=\"message-error validation-summary-errors\"]'\" and Actual \"Element Exists\". Comparison Type \"EQUALS\". Validation Type \"NEGATIVE\".","trace":"java.lang.AssertionError: Verification \"ValidateElementExists\" FAILED. Expected \"Element Should not Exist, locator 'By.xpath: //div[@class=\"message-error validation-summary-errors\"]'\" and Actual \"Element Exists\". Comparison Type \"EQUALS\". Validation Type \"NEGATIVE\".\r\n\tat com.shaft.validation.internal.ValidationsHelper.reportValidationState(ValidationsHelper.java:665)\r\n\tat com.shaft.validation.internal.ValidationsHelper.fail(ValidationsHelper.java:395)\r\n\tat com.shaft.validation.internal.ValidationsHelper.validateElementExists(ValidationsHelper.java:131)\r\n\tat com.shaft.validation.internal.ValidationsExecutor.perform(ValidationsExecutor.java:147)\r\n\tat pages.LogInPage.verifyThatLoginSuccessful(LogInPage.java:31)\r\n\tat TestCases.LogInTC.logInTC01(LogInTC.java:14)\r\n\tat java.base/jdk.internal.reflect.DirectMethodHandleAccessor.invoke(DirectMethodHandleAccessor.java:104)\r\n\tat java.base/java.lang.reflect.Method.invoke(Method.java:578)\r\n\tat org.testng.internal.invokers.MethodInvocationHelper.invokeMethod(MethodInvocationHelper.java:139)\r\n\tat org.testng.internal.invokers.TestInvoker.invokeMethod(TestInvoker.java:664)\r\n\tat org.testng.internal.invokers.TestInvoker.invokeTestMethod(TestInvoker.java:227)\r\n\tat org.testng.internal.invokers.MethodRunner.runInSequence(MethodRunner.java:50)\r\n\tat org.testng.internal.invokers.TestInvoker$MethodInvocationAgent.invoke(TestInvoker.java:957)\r\n\tat org.testng.internal.invokers.TestInvoker.invokeTestMethods(TestInvoker.java:200)\r\n\tat org.testng.internal.invokers.TestMethodWorker.invokeTestMethods(TestMethodWorker.java:148)\r\n\tat org.testng.internal.invokers.TestMethodWorker.run(TestMethodWorker.java:128)\r\n\tat java.base/java.util.ArrayList.forEach(ArrayList.java:1511)\r\n\tat org.testng.TestRunner.privateRun(TestRunner.java:848)\r\n\tat org.testng.TestRunner.run(TestRunner.java:621)\r\n\tat org.testng.SuiteRunner.runTest(SuiteRunner.java:443)\r\n\tat org.testng.SuiteRunner.runSequentially(SuiteRunner.java:437)\r\n\tat org.testng.SuiteRunner.privateRun(SuiteRunner.java:397)\r\n\tat org.testng.SuiteRunner.run(SuiteRunner.java:336)\r\n\tat org.testng.SuiteRunnerWorker.runSuite(SuiteRunnerWorker.java:52)\r\n\tat org.testng.SuiteRunnerWorker.run(SuiteRunnerWorker.java:95)\r\n\tat org.testng.TestNG.runSuitesSequentially(TestNG.java:1280)\r\n\tat org.testng.TestNG.runSuitesLocally(TestNG.java:1200)\r\n\tat org.testng.TestNG.runSuites(TestNG.java:1114)\r\n\tat org.testng.TestNG.run(TestNG.java:1082)\r\n\tat com.intellij.rt.testng.IDEARemoteTestNG.run(IDEARemoteTestNG.java:66)\r\n\tat com.intellij.rt.testng.RemoteTestNGStarter.main(RemoteTestNGStarter.java:105)\r\n"},"stage":"finished","steps":[{"name":"Click \"Log in\".","status":"passed","stage":"finished","steps":[],"attachments":[],"parameters":[],"start":1689350753462,"stop":1689350753462},{"name":"Type \"test3@test.com\" into \"Email:\".","status":"passed","stage":"finished","steps":[],"attachments":[],"parameters":[],"start":1689350757697,"stop":1689350757697},{"name":"Type \"123400\" into \"Password:\".","status":"passed","stage":"finished","steps":[],"attachments":[],"parameters":[],"start":1689350758322,"stop":1689350758322},{"name":"Click \"LOG IN\".","status":"passed","stage":"finished","steps":[],"attachments":[],"parameters":[],"start":1689350758844,"stop":1689350758844},{"name":"Verification Failed: The Element located by \"By.xpath: //div[@class=\"message-error validation-summary-errors\"]\" does not exist.","status":"passed","stage":"finished","steps":[],"attachments":[{"name":"Screenshot - 1689350760905_logInTC01_ValidateElementExists_failed","source":"761b44c8-53cb-4ea6-8c7c-97ade68c4927-attachment.png","type":"image/png"},{"name":"Validation Test Data - Failure Reason","source":"3a3b502c-b733-4a26-8176-7e324ffa43d1-attachment"}],"parameters":[{"name":"customLog","value":"Verification Failed: The Element located by \"By.xpath: //div[@class=\"message-error validation-summary-errors\"]\" does not exist."},{"name":"attachments","value":"[[Screenshot, 1689350760905_logInTC01_ValidateElementExists_failed, java.io.ByteArrayInputStream@1e1908ab], [Validation Test Data, Failure Reason, java.lang.AssertionError: Verification \"ValidateElementExists\" FAILED. Expected \"Element Should not Exist, locator 'By.xpath: //div[@class=\"message-error validation-summary-errors\"]'\" and Actual \"Element Exists\". Comparison Type \"EQUALS\". Validation Type \"NEGATIVE\".\r\n com.shaft.validation.internal.ValidationsHelper.reportValidationState(ValidationsHelper.java:639)\r\n com.shaft.validation.internal.ValidationsHelper.fail(ValidationsHelper.java:395)\r\n com.shaft.validation.internal.ValidationsHelper.validateElementExists(ValidationsHelper.java:131)\r\n com.shaft.validation.internal.ValidationsExecutor.perform(ValidationsExecutor.java:147)\r\n pages.LogInPage.verifyThatLoginSuccessful(LogInPage.java:31)\r\n TestCases.LogInTC.logInTC01(LogInTC.java:14)\r\n java.base/jdk.internal.reflect.DirectMethodHandleAccessor.invoke(DirectMethodHandleAccessor.java:104)\r\n java.base/java.lang.reflect.Method.invoke(Method.java:578)\r\n org.testng.internal.invokers.MethodInvocationHelper.invokeMethod(MethodInvocationHelper.java:139)\r\n org.testng.internal.invokers.TestInvoker.invokeMethod(TestInvoker.java:664)\r\n org.testng.internal.invokers.TestInvoker.invokeTestMethod(TestInvoker.java:227)\r\n org.testng.internal.invokers.MethodRunner.runInSequence(MethodRunner.java:50)\r\n org.testng.internal.invokers.TestInvoker$MethodInvocationAgent.invoke(TestInvoker.java:957)\r\n org.testng.internal.invokers.TestInvoker.invokeTestMethods(TestInvoker.java:200)\r\n org.testng.internal.invokers.TestMethodWorker.invokeTestMethods(TestMethodWorker.java:148)\r\n org.testng.internal.invokers.TestMethodWorker.run(TestMethodWorker.java:128)\r\n java.base/java.util.ArrayList.forEach(ArrayList.java:1511)\r\n org.testng.TestRunner.privateRun(TestRunner.java:848)\r\n org.testng.TestRunner.run(TestRunner.java:621)\r\n org.testng.SuiteRunner.runTest(SuiteRunner.java:443)\r\n org.testng.SuiteRunner.runSequentially(SuiteRunner.java:437)\r\n org.testng.SuiteRunner.privateRun(SuiteRunner.java:397)\r\n org.testng.SuiteRunner.run(SuiteRunner.java:336)\r\n org.testng.SuiteRunnerWorker.runSuite(SuiteRunnerWorker.java:52)\r\n org.testng.SuiteRunnerWorker.run(SuiteRunnerWorker.java:95)\r\n org.testng.TestNG.runSuitesSequentially(TestNG.java:1280)\r\n org.testng.TestNG.runSuitesLocally(TestNG.java:1200)\r\n org.testng.TestNG.runSuites(TestNG.java:1114)\r\n org.testng.TestNG.run(TestNG.java:1082)\r\n com.intellij.rt.testng.IDEARemoteTestNG.run(IDEARemoteTestNG.java:66)\r\n com.intellij.rt.testng.RemoteTestNGStarter.main(RemoteTestNGStarter.java:105)\r\n]]"}],"start":1689350763437,"stop":1689350763490}],"attachments":[{"name":"SHAFT Engine Logs - Current Method log: logInTC01","source":"a56d2fbe-c272-4862-a04b-d39026a453dc-attachment.txt","type":"text/plain"}],"parameters":[],"start":1689350752760,"stop":1689350763514}