{"uuid":"7babf1bf-1e6c-4b1c-854b-e046755c13a5","historyId":"6cb548232a4c9404fbedca789c4555bc","fullName":"TestCases.BlogTC.TC01","labels":[{"name":"package","value":"TestCases.BlogTC"},{"name":"testClass","value":"TestCases.BlogTC"},{"name":"testMethod","value":"TC01"},{"name":"parentSuite","value":"Suite"},{"name":"suite","value":"WebTestingPractice_ShaftEngine"},{"name":"subSuite","value":"TestCases.BlogTC"},{"name":"host","value":"AEP-NB-113687"},{"name":"thread","value":"20136@AEP-NB-113687.main(1)"},{"name":"framework","value":"testng"},{"name":"language","value":"java"}],"links":[],"name":"see Blog details for e-Commerce business","status":"failed","statusDetails":{"known":false,"muted":false,"flaky":false,"message":"Verification \"ValidateElementExists\" FAILED. Expected \"Element Should not Exist, locator 'By.xpath: //div[@class=\"message-error validation-summary-errors\"]'\" and Actual \"Element Exists\". Comparison Type \"EQUALS\". Validation Type \"NEGATIVE\".","trace":"java.lang.AssertionError: Verification \"ValidateElementExists\" FAILED. Expected \"Element Should not Exist, locator 'By.xpath: //div[@class=\"message-error validation-summary-errors\"]'\" and Actual \"Element Exists\". Comparison Type \"EQUALS\". Validation Type \"NEGATIVE\".\r\n\tat com.shaft.validation.internal.ValidationsHelper.reportValidationState(ValidationsHelper.java:665)\r\n\tat com.shaft.validation.internal.ValidationsHelper.fail(ValidationsHelper.java:395)\r\n\tat com.shaft.validation.internal.ValidationsHelper.validateElementExists(ValidationsHelper.java:131)\r\n\tat com.shaft.validation.internal.ValidationsExecutor.perform(ValidationsExecutor.java:147)\r\n\tat pages.LogInPage.verifyThatLoginSuccessful(LogInPage.java:31)\r\n\tat TestCases.BlogTC.TC01(BlogTC.java:13)\r\n\tat java.base/jdk.internal.reflect.DirectMethodHandleAccessor.invoke(DirectMethodHandleAccessor.java:104)\r\n\tat java.base/java.lang.reflect.Method.invoke(Method.java:578)\r\n\tat org.testng.internal.invokers.MethodInvocationHelper.invokeMethod(MethodInvocationHelper.java:139)\r\n\tat org.testng.internal.invokers.TestInvoker.invokeMethod(TestInvoker.java:664)\r\n\tat org.testng.internal.invokers.TestInvoker.invokeTestMethod(TestInvoker.java:227)\r\n\tat org.testng.internal.invokers.MethodRunner.runInSequence(MethodRunner.java:50)\r\n\tat org.testng.internal.invokers.TestInvoker$MethodInvocationAgent.invoke(TestInvoker.java:957)\r\n\tat org.testng.internal.invokers.TestInvoker.invokeTestMethods(TestInvoker.java:200)\r\n\tat org.testng.internal.invokers.TestMethodWorker.invokeTestMethods(TestMethodWorker.java:148)\r\n\tat org.testng.internal.invokers.TestMethodWorker.run(TestMethodWorker.java:128)\r\n\tat java.base/java.util.ArrayList.forEach(ArrayList.java:1511)\r\n\tat org.testng.TestRunner.privateRun(TestRunner.java:848)\r\n\tat org.testng.TestRunner.run(TestRunner.java:621)\r\n\tat org.testng.SuiteRunner.runTest(SuiteRunner.java:443)\r\n\tat org.testng.SuiteRunner.runSequentially(SuiteRunner.java:437)\r\n\tat org.testng.SuiteRunner.privateRun(SuiteRunner.java:397)\r\n\tat org.testng.SuiteRunner.run(SuiteRunner.java:336)\r\n\tat org.testng.SuiteRunnerWorker.runSuite(SuiteRunnerWorker.java:52)\r\n\tat org.testng.SuiteRunnerWorker.run(SuiteRunnerWorker.java:95)\r\n\tat org.testng.TestNG.runSuitesSequentially(TestNG.java:1280)\r\n\tat org.testng.TestNG.runSuitesLocally(TestNG.java:1200)\r\n\tat org.testng.TestNG.runSuites(TestNG.java:1114)\r\n\tat org.testng.TestNG.run(TestNG.java:1082)\r\n\tat com.intellij.rt.testng.IDEARemoteTestNG.run(IDEARemoteTestNG.java:66)\r\n\tat com.intellij.rt.testng.RemoteTestNGStarter.main(RemoteTestNGStarter.java:105)\r\n"},"stage":"finished","steps":[{"name":"Click \"Log in\".","status":"passed","stage":"finished","steps":[],"attachments":[],"parameters":[],"start":1689430966113,"stop":1689430966113},{"name":"Type \"test3@test.com\" into \"Email:\".","status":"passed","stage":"finished","steps":[],"attachments":[],"parameters":[],"start":1689430969274,"stop":1689430969274},{"name":"Type \"123400\" into \"Password:\".","status":"passed","stage":"finished","steps":[],"attachments":[],"parameters":[],"start":1689430969600,"stop":1689430969600},{"name":"Click \"LOG IN\".","status":"passed","stage":"finished","steps":[],"attachments":[],"parameters":[],"start":1689430969917,"stop":1689430969917},{"name":"Verification Failed: The Element located by \"By.xpath: //div[@class=\"message-error validation-summary-errors\"]\" does not exist.","status":"passed","stage":"finished","steps":[],"attachments":[{"name":"Screenshot - 1689430971501_TC01_ValidateElementExists_failed","source":"ef721028-1c9d-442e-ab8a-d253d91a1aab-attachment.png","type":"image/png"},{"name":"Validation Test Data - Failure Reason","source":"686009f4-e553-49b5-b669-7d73ab1a780d-attachment"}],"parameters":[{"name":"customLog","value":"Verification Failed: The Element located by \"By.xpath: //div[@class=\"message-error validation-summary-errors\"]\" does not exist."},{"name":"attachments","value":"[[Screenshot, 1689430971501_TC01_ValidateElementExists_failed, java.io.ByteArrayInputStream@6ab80ea], [Validation Test Data, Failure Reason, java.lang.AssertionError: Verification \"ValidateElementExists\" FAILED. Expected \"Element Should not Exist, locator 'By.xpath: //div[@class=\"message-error validation-summary-errors\"]'\" and Actual \"Element Exists\". Comparison Type \"EQUALS\". Validation Type \"NEGATIVE\".\r\n com.shaft.validation.internal.ValidationsHelper.reportValidationState(ValidationsHelper.java:639)\r\n com.shaft.validation.internal.ValidationsHelper.fail(ValidationsHelper.java:395)\r\n com.shaft.validation.internal.ValidationsHelper.validateElementExists(ValidationsHelper.java:131)\r\n com.shaft.validation.internal.ValidationsExecutor.perform(ValidationsExecutor.java:147)\r\n pages.LogInPage.verifyThatLoginSuccessful(LogInPage.java:31)\r\n TestCases.BlogTC.TC01(BlogTC.java:13)\r\n java.base/jdk.internal.reflect.DirectMethodHandleAccessor.invoke(DirectMethodHandleAccessor.java:104)\r\n java.base/java.lang.reflect.Method.invoke(Method.java:578)\r\n org.testng.internal.invokers.MethodInvocationHelper.invokeMethod(MethodInvocationHelper.java:139)\r\n org.testng.internal.invokers.TestInvoker.invokeMethod(TestInvoker.java:664)\r\n org.testng.internal.invokers.TestInvoker.invokeTestMethod(TestInvoker.java:227)\r\n org.testng.internal.invokers.MethodRunner.runInSequence(MethodRunner.java:50)\r\n org.testng.internal.invokers.TestInvoker$MethodInvocationAgent.invoke(TestInvoker.java:957)\r\n org.testng.internal.invokers.TestInvoker.invokeTestMethods(TestInvoker.java:200)\r\n org.testng.internal.invokers.TestMethodWorker.invokeTestMethods(TestMethodWorker.java:148)\r\n org.testng.internal.invokers.TestMethodWorker.run(TestMethodWorker.java:128)\r\n java.base/java.util.ArrayList.forEach(ArrayList.java:1511)\r\n org.testng.TestRunner.privateRun(TestRunner.java:848)\r\n org.testng.TestRunner.run(TestRunner.java:621)\r\n org.testng.SuiteRunner.runTest(SuiteRunner.java:443)\r\n org.testng.SuiteRunner.runSequentially(SuiteRunner.java:437)\r\n org.testng.SuiteRunner.privateRun(SuiteRunner.java:397)\r\n org.testng.SuiteRunner.run(SuiteRunner.java:336)\r\n org.testng.SuiteRunnerWorker.runSuite(SuiteRunnerWorker.java:52)\r\n org.testng.SuiteRunnerWorker.run(SuiteRunnerWorker.java:95)\r\n org.testng.TestNG.runSuitesSequentially(TestNG.java:1280)\r\n org.testng.TestNG.runSuitesLocally(TestNG.java:1200)\r\n org.testng.TestNG.runSuites(TestNG.java:1114)\r\n org.testng.TestNG.run(TestNG.java:1082)\r\n com.intellij.rt.testng.IDEARemoteTestNG.run(IDEARemoteTestNG.java:66)\r\n com.intellij.rt.testng.RemoteTestNGStarter.main(RemoteTestNGStarter.java:105)\r\n]]"}],"start":1689430973025,"stop":1689430973085}],"attachments":[{"name":"SHAFT Engine Logs - Current Method log: TC01","source":"c8f519d8-04c0-47dd-b7c9-69a02f7c15b5-attachment.txt","type":"text/plain"}],"parameters":[],"start":1689430965679,"stop":1689430973109}